<?xml version="1.0" encoding="UTF-8"?>
<testng-results ignored="0" total="18" passed="18" failed="0" skipped="0">
  <reporter-output>
  </reporter-output>
  <suite started-at="2023-05-15T22:43:08 IST" name="Default suite" finished-at="2023-05-15T22:43:23 IST" duration-ms="14411">
    <groups>
    </groups>
    <test started-at="2023-05-15T22:43:08 IST" name="Default test" finished-at="2023-05-15T22:43:23 IST" duration-ms="14411">
      <class name="restAssuredProjectInJunkin.GithubRepo">
        <test-method signature="CREATE_A_REPOSITORY_FOR_A_AUTHENTICATED_USER()[pri:0, instance:restAssuredProjectInJunkin.GithubRepo@1d9b7cce]" started-at="2023-05-15T22:43:08 IST" name="CREATE_A_REPOSITORY_FOR_A_AUTHENTICATED_USER" finished-at="2023-05-15T22:43:12 IST" duration-ms="3964" status="PASS">
          <reporter-output>
          </reporter-output>
        </test-method> <!-- CREATE_A_REPOSITORY_FOR_A_AUTHENTICATED_USER -->
        <test-method signature="UPDATE_A_REPOSITORY()[pri:1, instance:restAssuredProjectInJunkin.GithubRepo@1d9b7cce]" started-at="2023-05-15T22:43:12 IST" name="UPDATE_A_REPOSITORY" finished-at="2023-05-15T22:43:13 IST" duration-ms="698" status="PASS">
          <reporter-output>
          </reporter-output>
        </test-method> <!-- UPDATE_A_REPOSITORY -->
        <test-method signature="GET_A_REPOSITORY()[pri:2, instance:restAssuredProjectInJunkin.GithubRepo@1d9b7cce]" started-at="2023-05-15T22:43:13 IST" name="GET_A_REPOSITORY" finished-at="2023-05-15T22:43:14 IST" duration-ms="415" status="PASS">
          <reporter-output>
          </reporter-output>
        </test-method> <!-- GET_A_REPOSITORY -->
        <test-method signature="CREATE_FILE_CONTENT()[pri:3, instance:restAssuredProjectInJunkin.GithubRepo@1d9b7cce]" started-at="2023-05-15T22:43:14 IST" name="CREATE_FILE_CONTENT" finished-at="2023-05-15T22:43:14 IST" duration-ms="624" status="PASS">
          <reporter-output>
          </reporter-output>
        </test-method> <!-- CREATE_FILE_CONTENT -->
        <test-method signature="LIST_FORK()[pri:5, instance:restAssuredProjectInJunkin.GithubRepo@1d9b7cce]" started-at="2023-05-15T22:43:14 IST" name="LIST_FORK" finished-at="2023-05-15T22:43:15 IST" duration-ms="388" status="PASS">
          <reporter-output>
          </reporter-output>
        </test-method> <!-- LIST_FORK -->
        <test-method signature="LIST_REPOSITORIES_FOR_A_USER()[pri:6, instance:restAssuredProjectInJunkin.GithubRepo@1d9b7cce]" started-at="2023-05-15T22:43:15 IST" name="LIST_REPOSITORIES_FOR_A_USER" finished-at="2023-05-15T22:43:15 IST" duration-ms="925" status="PASS">
          <reporter-output>
          </reporter-output>
        </test-method> <!-- LIST_REPOSITORIES_FOR_A_USER -->
        <test-method signature="LIST_REPOSITORY_LANGUAGE()[pri:7, instance:restAssuredProjectInJunkin.GithubRepo@1d9b7cce]" started-at="2023-05-15T22:43:15 IST" name="LIST_REPOSITORY_LANGUAGE" finished-at="2023-05-15T22:43:16 IST" duration-ms="364" status="PASS">
          <reporter-output>
          </reporter-output>
        </test-method> <!-- LIST_REPOSITORY_LANGUAGE -->
        <test-method signature="LIST_PUBLIC_REPOSITORIES()[pri:8, instance:restAssuredProjectInJunkin.GithubRepo@1d9b7cce]" started-at="2023-05-15T22:43:16 IST" name="LIST_PUBLIC_REPOSITORIES" finished-at="2023-05-15T22:43:16 IST" duration-ms="537" status="PASS">
          <reporter-output>
          </reporter-output>
        </test-method> <!-- LIST_PUBLIC_REPOSITORIES -->
        <test-method signature="CREATE_A_RELEASE()[pri:9, instance:restAssuredProjectInJunkin.GithubRepo@1d9b7cce]" started-at="2023-05-15T22:43:16 IST" name="CREATE_A_RELEASE" finished-at="2023-05-15T22:43:17 IST" duration-ms="724" status="PASS">
          <reporter-output>
          </reporter-output>
        </test-method> <!-- CREATE_A_RELEASE -->
        <test-method signature="LIST_REPOSITORY_TAGS()[pri:10, instance:restAssuredProjectInJunkin.GithubRepo@1d9b7cce]" started-at="2023-05-15T22:43:17 IST" name="LIST_REPOSITORY_TAGS" finished-at="2023-05-15T22:43:17 IST" duration-ms="358" status="PASS">
          <reporter-output>
          </reporter-output>
        </test-method> <!-- LIST_REPOSITORY_TAGS -->
        <test-method signature="CREATE_AN_AUTOLINK_REFERENCE_FOR_A_REPOSITORY()[pri:11, instance:restAssuredProjectInJunkin.GithubRepo@1d9b7cce]" started-at="2023-05-15T22:43:17 IST" name="CREATE_AN_AUTOLINK_REFERENCE_FOR_A_REPOSITORY" finished-at="2023-05-15T22:43:19 IST" duration-ms="1442" status="PASS">
          <reporter-output>
          </reporter-output>
        </test-method> <!-- CREATE_AN_AUTOLINK_REFERENCE_FOR_A_REPOSITORY -->
        <test-method signature="GET_AN_AUTOLINK_REFERENCE_FOR_A_REPOSITORY()[pri:12, instance:restAssuredProjectInJunkin.GithubRepo@1d9b7cce]" started-at="2023-05-15T22:43:19 IST" name="GET_AN_AUTOLINK_REFERENCE_FOR_A_REPOSITORY" finished-at="2023-05-15T22:43:19 IST" duration-ms="381" status="PASS">
          <reporter-output>
          </reporter-output>
        </test-method> <!-- GET_AN_AUTOLINK_REFERENCE_FOR_A_REPOSITORY -->
        <test-method signature="GET_A_REPOSITORY_AGAIN()[pri:13, instance:restAssuredProjectInJunkin.GithubRepo@1d9b7cce]" started-at="2023-05-15T22:43:19 IST" name="GET_A_REPOSITORY_AGAIN" finished-at="2023-05-15T22:43:20 IST" duration-ms="426" status="PASS">
          <reporter-output>
          </reporter-output>
        </test-method> <!-- GET_A_REPOSITORY_AGAIN -->
        <test-method signature="REPLACE_ALL_REPOSITORY_TOPICS()[pri:14, instance:restAssuredProjectInJunkin.GithubRepo@1d9b7cce]" started-at="2023-05-15T22:43:20 IST" name="REPLACE_ALL_REPOSITORY_TOPICS" finished-at="2023-05-15T22:43:21 IST" duration-ms="852" status="PASS">
          <reporter-output>
          </reporter-output>
        </test-method> <!-- REPLACE_ALL_REPOSITORY_TOPICS -->
        <test-method signature="GET_ALL_REPOSITORY_TOPICS()[pri:15, instance:restAssuredProjectInJunkin.GithubRepo@1d9b7cce]" started-at="2023-05-15T22:43:21 IST" name="GET_ALL_REPOSITORY_TOPICS" finished-at="2023-05-15T22:43:21 IST" duration-ms="431" status="PASS">
          <reporter-output>
          </reporter-output>
        </test-method> <!-- GET_ALL_REPOSITORY_TOPICS -->
        <test-method signature="DELETE_AN_AUTOLINK_REFERENCE_FOR_A_REPOSITORY()[pri:17, instance:restAssuredProjectInJunkin.GithubRepo@1d9b7cce]" started-at="2023-05-15T22:43:21 IST" name="DELETE_AN_AUTOLINK_REFERENCE_FOR_A_REPOSITORY" finished-at="2023-05-15T22:43:21 IST" duration-ms="366" status="PASS">
          <reporter-output>
          </reporter-output>
        </test-method> <!-- DELETE_AN_AUTOLINK_REFERENCE_FOR_A_REPOSITORY -->
        <test-method signature="DELETE_A_FILE()[pri:19, instance:restAssuredProjectInJunkin.GithubRepo@1d9b7cce]" started-at="2023-05-15T22:43:21 IST" name="DELETE_A_FILE" finished-at="2023-05-15T22:43:22 IST" duration-ms="861" status="PASS">
          <reporter-output>
          </reporter-output>
        </test-method> <!-- DELETE_A_FILE -->
        <test-method signature="DELETE_A_REPOSITORY()[pri:20, instance:restAssuredProjectInJunkin.GithubRepo@1d9b7cce]" started-at="2023-05-15T22:43:22 IST" name="DELETE_A_REPOSITORY" finished-at="2023-05-15T22:43:23 IST" duration-ms="575" status="PASS">
          <reporter-output>
          </reporter-output>
        </test-method> <!-- DELETE_A_REPOSITORY -->
      </class> <!-- restAssuredProjectInJunkin.GithubRepo -->
    </test> <!-- Default test -->
  </suite> <!-- Default suite -->
</testng-results>
