<?xml version="1.0" encoding="UTF-8"?>
<testng-results ignored="0" total="18" passed="18" failed="0" skipped="0">
  <reporter-output>
  </reporter-output>
  <suite started-at="2023-05-15T16:39:30 IST" name="Default suite" finished-at="2023-05-15T16:39:42 IST" duration-ms="11880">
    <groups>
    </groups>
    <test started-at="2023-05-15T16:39:30 IST" name="Default test" finished-at="2023-05-15T16:39:42 IST" duration-ms="11880">
      <class name="restAssuredProjectInJunkin.GithubRepo">
        <test-method signature="CREATE_A_REPOSITORY_FOR_A_AUTHENTICATED_USER()[pri:0, instance:restAssuredProjectInJunkin.GithubRepo@1d9b7cce]" started-at="2023-05-15T16:39:31 IST" name="CREATE_A_REPOSITORY_FOR_A_AUTHENTICATED_USER" finished-at="2023-05-15T16:39:34 IST" duration-ms="3199" status="PASS">
          <reporter-output>
          </reporter-output>
        </test-method> <!-- CREATE_A_REPOSITORY_FOR_A_AUTHENTICATED_USER -->
        <test-method signature="UPDATE_A_REPOSITORY()[pri:1, instance:restAssuredProjectInJunkin.GithubRepo@1d9b7cce]" started-at="2023-05-15T16:39:34 IST" name="UPDATE_A_REPOSITORY" finished-at="2023-05-15T16:39:34 IST" duration-ms="633" status="PASS">
          <reporter-output>
          </reporter-output>
        </test-method> <!-- UPDATE_A_REPOSITORY -->
        <test-method signature="GET_A_REPOSITORY()[pri:2, instance:restAssuredProjectInJunkin.GithubRepo@1d9b7cce]" started-at="2023-05-15T16:39:34 IST" name="GET_A_REPOSITORY" finished-at="2023-05-15T16:39:35 IST" duration-ms="369" status="PASS">
          <reporter-output>
          </reporter-output>
        </test-method> <!-- GET_A_REPOSITORY -->
        <test-method signature="CREATE_FILE_CONTENT()[pri:3, instance:restAssuredProjectInJunkin.GithubRepo@1d9b7cce]" started-at="2023-05-15T16:39:35 IST" name="CREATE_FILE_CONTENT" finished-at="2023-05-15T16:39:35 IST" duration-ms="592" status="PASS">
          <reporter-output>
          </reporter-output>
        </test-method> <!-- CREATE_FILE_CONTENT -->
        <test-method signature="LIST_FORK()[pri:5, instance:restAssuredProjectInJunkin.GithubRepo@1d9b7cce]" started-at="2023-05-15T16:39:35 IST" name="LIST_FORK" finished-at="2023-05-15T16:39:36 IST" duration-ms="387" status="PASS">
          <reporter-output>
          </reporter-output>
        </test-method> <!-- LIST_FORK -->
        <test-method signature="LIST_REPOSITORIES_FOR_A_USER()[pri:6, instance:restAssuredProjectInJunkin.GithubRepo@1d9b7cce]" started-at="2023-05-15T16:39:36 IST" name="LIST_REPOSITORIES_FOR_A_USER" finished-at="2023-05-15T16:39:36 IST" duration-ms="502" status="PASS">
          <reporter-output>
          </reporter-output>
        </test-method> <!-- LIST_REPOSITORIES_FOR_A_USER -->
        <test-method signature="LIST_REPOSITORY_LANGUAGE()[pri:7, instance:restAssuredProjectInJunkin.GithubRepo@1d9b7cce]" started-at="2023-05-15T16:39:36 IST" name="LIST_REPOSITORY_LANGUAGE" finished-at="2023-05-15T16:39:37 IST" duration-ms="362" status="PASS">
          <reporter-output>
          </reporter-output>
        </test-method> <!-- LIST_REPOSITORY_LANGUAGE -->
        <test-method signature="LIST_PUBLIC_REPOSITORIES()[pri:8, instance:restAssuredProjectInJunkin.GithubRepo@1d9b7cce]" started-at="2023-05-15T16:39:37 IST" name="LIST_PUBLIC_REPOSITORIES" finished-at="2023-05-15T16:39:37 IST" duration-ms="554" status="PASS">
          <reporter-output>
          </reporter-output>
        </test-method> <!-- LIST_PUBLIC_REPOSITORIES -->
        <test-method signature="CREATE_A_RELEASE()[pri:9, instance:restAssuredProjectInJunkin.GithubRepo@1d9b7cce]" started-at="2023-05-15T16:39:37 IST" name="CREATE_A_RELEASE" finished-at="2023-05-15T16:39:38 IST" duration-ms="726" status="PASS">
          <reporter-output>
          </reporter-output>
        </test-method> <!-- CREATE_A_RELEASE -->
        <test-method signature="LIST_REPOSITORY_TAGS()[pri:10, instance:restAssuredProjectInJunkin.GithubRepo@1d9b7cce]" started-at="2023-05-15T16:39:38 IST" name="LIST_REPOSITORY_TAGS" finished-at="2023-05-15T16:39:38 IST" duration-ms="405" status="PASS">
          <reporter-output>
          </reporter-output>
        </test-method> <!-- LIST_REPOSITORY_TAGS -->
        <test-method signature="CREATE_AN_AUTOLINK_REFERENCE_FOR_A_REPOSITORY()[pri:11, instance:restAssuredProjectInJunkin.GithubRepo@1d9b7cce]" started-at="2023-05-15T16:39:38 IST" name="CREATE_AN_AUTOLINK_REFERENCE_FOR_A_REPOSITORY" finished-at="2023-05-15T16:39:39 IST" duration-ms="418" status="PASS">
          <reporter-output>
          </reporter-output>
        </test-method> <!-- CREATE_AN_AUTOLINK_REFERENCE_FOR_A_REPOSITORY -->
        <test-method signature="GET_AN_AUTOLINK_REFERENCE_FOR_A_REPOSITORY()[pri:12, instance:restAssuredProjectInJunkin.GithubRepo@1d9b7cce]" started-at="2023-05-15T16:39:39 IST" name="GET_AN_AUTOLINK_REFERENCE_FOR_A_REPOSITORY" finished-at="2023-05-15T16:39:39 IST" duration-ms="349" status="PASS">
          <reporter-output>
          </reporter-output>
        </test-method> <!-- GET_AN_AUTOLINK_REFERENCE_FOR_A_REPOSITORY -->
        <test-method signature="GET_A_REPOSITORY_AGAIN()[pri:13, instance:restAssuredProjectInJunkin.GithubRepo@1d9b7cce]" started-at="2023-05-15T16:39:39 IST" name="GET_A_REPOSITORY_AGAIN" finished-at="2023-05-15T16:39:39 IST" duration-ms="400" status="PASS">
          <reporter-output>
          </reporter-output>
        </test-method> <!-- GET_A_REPOSITORY_AGAIN -->
        <test-method signature="REPLACE_ALL_REPOSITORY_TOPICS()[pri:14, instance:restAssuredProjectInJunkin.GithubRepo@1d9b7cce]" started-at="2023-05-15T16:39:39 IST" name="REPLACE_ALL_REPOSITORY_TOPICS" finished-at="2023-05-15T16:39:40 IST" duration-ms="792" status="PASS">
          <reporter-output>
          </reporter-output>
        </test-method> <!-- REPLACE_ALL_REPOSITORY_TOPICS -->
        <test-method signature="GET_ALL_REPOSITORY_TOPICS()[pri:15, instance:restAssuredProjectInJunkin.GithubRepo@1d9b7cce]" started-at="2023-05-15T16:39:40 IST" name="GET_ALL_REPOSITORY_TOPICS" finished-at="2023-05-15T16:39:41 IST" duration-ms="419" status="PASS">
          <reporter-output>
          </reporter-output>
        </test-method> <!-- GET_ALL_REPOSITORY_TOPICS -->
        <test-method signature="DELETE_AN_AUTOLINK_REFERENCE_FOR_A_REPOSITORY()[pri:17, instance:restAssuredProjectInJunkin.GithubRepo@1d9b7cce]" started-at="2023-05-15T16:39:41 IST" name="DELETE_AN_AUTOLINK_REFERENCE_FOR_A_REPOSITORY" finished-at="2023-05-15T16:39:41 IST" duration-ms="383" status="PASS">
          <reporter-output>
          </reporter-output>
        </test-method> <!-- DELETE_AN_AUTOLINK_REFERENCE_FOR_A_REPOSITORY -->
        <test-method signature="DELETE_A_FILE()[pri:19, instance:restAssuredProjectInJunkin.GithubRepo@1d9b7cce]" started-at="2023-05-15T16:39:41 IST" name="DELETE_A_FILE" finished-at="2023-05-15T16:39:42 IST" duration-ms="765" status="PASS">
          <reporter-output>
          </reporter-output>
        </test-method> <!-- DELETE_A_FILE -->
        <test-method signature="DELETE_A_REPOSITORY()[pri:20, instance:restAssuredProjectInJunkin.GithubRepo@1d9b7cce]" started-at="2023-05-15T16:39:42 IST" name="DELETE_A_REPOSITORY" finished-at="2023-05-15T16:39:42 IST" duration-ms="552" status="PASS">
          <reporter-output>
          </reporter-output>
        </test-method> <!-- DELETE_A_REPOSITORY -->
      </class> <!-- restAssuredProjectInJunkin.GithubRepo -->
    </test> <!-- Default test -->
  </suite> <!-- Default suite -->
</testng-results>
