<?xml version="1.0" encoding="UTF-8"?>
<!-- Generated by org.testng.reporters.JUnitXMLReporter -->
<testsuite ignored="0" hostname="ASUSTUF" failures="0" tests="18" name="Default test" time="11.88" errors="0" timestamp="2023-05-15T16:39:42 IST">
  <testcase classname="restAssuredProjectInJunkin.GithubRepo" name="CREATE_A_REPOSITORY_FOR_A_AUTHENTICATED_USER" time="3.199"/>
  <testcase classname="restAssuredProjectInJunkin.GithubRepo" name="UPDATE_A_REPOSITORY" time="0.633"/>
  <testcase classname="restAssuredProjectInJunkin.GithubRepo" name="GET_A_REPOSITORY" time="0.369"/>
  <testcase classname="restAssuredProjectInJunkin.GithubRepo" name="CREATE_FILE_CONTENT" time="0.592"/>
  <testcase classname="restAssuredProjectInJunkin.GithubRepo" name="LIST_FORK" time="0.387"/>
  <testcase classname="restAssuredProjectInJunkin.GithubRepo" name="LIST_REPOSITORIES_FOR_A_USER" time="0.502"/>
  <testcase classname="restAssuredProjectInJunkin.GithubRepo" name="LIST_REPOSITORY_LANGUAGE" time="0.362"/>
  <testcase classname="restAssuredProjectInJunkin.GithubRepo" name="LIST_PUBLIC_REPOSITORIES" time="0.554"/>
  <testcase classname="restAssuredProjectInJunkin.GithubRepo" name="CREATE_A_RELEASE" time="0.726"/>
  <testcase classname="restAssuredProjectInJunkin.GithubRepo" name="LIST_REPOSITORY_TAGS" time="0.405"/>
  <testcase classname="restAssuredProjectInJunkin.GithubRepo" name="CREATE_AN_AUTOLINK_REFERENCE_FOR_A_REPOSITORY" time="0.418"/>
  <testcase classname="restAssuredProjectInJunkin.GithubRepo" name="GET_AN_AUTOLINK_REFERENCE_FOR_A_REPOSITORY" time="0.349"/>
  <testcase classname="restAssuredProjectInJunkin.GithubRepo" name="GET_A_REPOSITORY_AGAIN" time="0.4"/>
  <testcase classname="restAssuredProjectInJunkin.GithubRepo" name="REPLACE_ALL_REPOSITORY_TOPICS" time="0.792"/>
  <testcase classname="restAssuredProjectInJunkin.GithubRepo" name="GET_ALL_REPOSITORY_TOPICS" time="0.419"/>
  <testcase classname="restAssuredProjectInJunkin.GithubRepo" name="DELETE_AN_AUTOLINK_REFERENCE_FOR_A_REPOSITORY" time="0.383"/>
  <testcase classname="restAssuredProjectInJunkin.GithubRepo" name="DELETE_A_FILE" time="0.765"/>
  <testcase classname="restAssuredProjectInJunkin.GithubRepo" name="DELETE_A_REPOSITORY" time="0.552"/>
</testsuite> <!-- Default test -->
