<?xml version="1.0" encoding="UTF-8"?>
<!-- Generated by org.testng.reporters.JUnitXMLReporter -->
<testsuite ignored="0" hostname="ASUSTUF" failures="0" tests="18" name="Default test" time="14.411" errors="0" timestamp="2023-05-15T22:43:23 IST">
  <testcase classname="restAssuredProjectInJunkin.GithubRepo" name="CREATE_A_REPOSITORY_FOR_A_AUTHENTICATED_USER" time="3.964"/>
  <testcase classname="restAssuredProjectInJunkin.GithubRepo" name="UPDATE_A_REPOSITORY" time="0.698"/>
  <testcase classname="restAssuredProjectInJunkin.GithubRepo" name="GET_A_REPOSITORY" time="0.415"/>
  <testcase classname="restAssuredProjectInJunkin.GithubRepo" name="CREATE_FILE_CONTENT" time="0.624"/>
  <testcase classname="restAssuredProjectInJunkin.GithubRepo" name="LIST_FORK" time="0.388"/>
  <testcase classname="restAssuredProjectInJunkin.GithubRepo" name="LIST_REPOSITORIES_FOR_A_USER" time="0.925"/>
  <testcase classname="restAssuredProjectInJunkin.GithubRepo" name="LIST_REPOSITORY_LANGUAGE" time="0.364"/>
  <testcase classname="restAssuredProjectInJunkin.GithubRepo" name="LIST_PUBLIC_REPOSITORIES" time="0.537"/>
  <testcase classname="restAssuredProjectInJunkin.GithubRepo" name="CREATE_A_RELEASE" time="0.724"/>
  <testcase classname="restAssuredProjectInJunkin.GithubRepo" name="LIST_REPOSITORY_TAGS" time="0.358"/>
  <testcase classname="restAssuredProjectInJunkin.GithubRepo" name="CREATE_AN_AUTOLINK_REFERENCE_FOR_A_REPOSITORY" time="1.442"/>
  <testcase classname="restAssuredProjectInJunkin.GithubRepo" name="GET_AN_AUTOLINK_REFERENCE_FOR_A_REPOSITORY" time="0.381"/>
  <testcase classname="restAssuredProjectInJunkin.GithubRepo" name="GET_A_REPOSITORY_AGAIN" time="0.426"/>
  <testcase classname="restAssuredProjectInJunkin.GithubRepo" name="REPLACE_ALL_REPOSITORY_TOPICS" time="0.852"/>
  <testcase classname="restAssuredProjectInJunkin.GithubRepo" name="GET_ALL_REPOSITORY_TOPICS" time="0.431"/>
  <testcase classname="restAssuredProjectInJunkin.GithubRepo" name="DELETE_AN_AUTOLINK_REFERENCE_FOR_A_REPOSITORY" time="0.366"/>
  <testcase classname="restAssuredProjectInJunkin.GithubRepo" name="DELETE_A_FILE" time="0.861"/>
  <testcase classname="restAssuredProjectInJunkin.GithubRepo" name="DELETE_A_REPOSITORY" time="0.575"/>
</testsuite> <!-- Default test -->
